[0.768s] Invoking command in '/workspaces/dev_env/src/drone_workspace/my_drone_ctrl': PYTHONPATH=/workspaces/dev_env/src/drone_workspace/build/my_drone_ctrl/prefix_override:/workspaces/dev_env/src/drone_workspace/install/my_drone_ctrl/lib/python3.10/site-packages:${PYTHONPATH} /usr/bin/python3 setup.py egg_info --egg-base ../build/my_drone_ctrl build --build-base /workspaces/dev_env/src/drone_workspace/build/my_drone_ctrl/build install --record /workspaces/dev_env/src/drone_workspace/build/my_drone_ctrl/install.log --single-version-externally-managed
[0.956s] running egg_info
[0.966s] writing ../build/my_drone_ctrl/my_drone_ctrl.egg-info/PKG-INFO
[0.967s] writing dependency_links to ../build/my_drone_ctrl/my_drone_ctrl.egg-info/dependency_links.txt
[0.967s] writing requirements to ../build/my_drone_ctrl/my_drone_ctrl.egg-info/requires.txt
[0.968s] writing top-level names to ../build/my_drone_ctrl/my_drone_ctrl.egg-info/top_level.txt
[0.991s] reading manifest file '../build/my_drone_ctrl/my_drone_ctrl.egg-info/SOURCES.txt'
[0.992s] writing manifest file '../build/my_drone_ctrl/my_drone_ctrl.egg-info/SOURCES.txt'
[0.993s] running build
[0.993s] running build_py
[0.993s] copying my_drone_ctrl/GPSData.py -> /workspaces/dev_env/src/drone_workspace/build/my_drone_ctrl/build/lib/my_drone_ctrl
[0.993s] running install
[0.994s] /usr/local/lib/python3.10/dist-packages/setuptools/_distutils/cmd.py:66: SetuptoolsDeprecationWarning: setup.py install is deprecated.
[0.994s] !!
[0.994s] 
[0.994s]         ********************************************************************************
[0.994s]         Please avoid running ``setup.py`` directly.
[0.994s]         Instead, use pypa/build, pypa/installer or other
[0.994s]         standards-based tools.
[0.994s] 
[0.994s]         See https://blog.ganssle.io/articles/2021/10/setup-py-deprecated.html for details.
[0.994s]         ********************************************************************************
[0.994s] 
[0.994s] !!
[0.994s]   self.initialize_options()
[0.999s] running install_lib
[1.007s] copying /workspaces/dev_env/src/drone_workspace/build/my_drone_ctrl/build/lib/my_drone_ctrl/GPSData.py -> /workspaces/dev_env/src/drone_workspace/install/my_drone_ctrl/lib/python3.10/site-packages/my_drone_ctrl
[1.009s] byte-compiling /workspaces/dev_env/src/drone_workspace/install/my_drone_ctrl/lib/python3.10/site-packages/my_drone_ctrl/GPSData.py to GPSData.cpython-310.pyc
[1.010s] running install_data
[1.021s] running install_egg_info
[1.030s] removing '/workspaces/dev_env/src/drone_workspace/install/my_drone_ctrl/lib/python3.10/site-packages/my_drone_ctrl-0.0.0-py3.10.egg-info' (and everything under it)
[1.032s] Copying ../build/my_drone_ctrl/my_drone_ctrl.egg-info to /workspaces/dev_env/src/drone_workspace/install/my_drone_ctrl/lib/python3.10/site-packages/my_drone_ctrl-0.0.0-py3.10.egg-info
[1.032s] running install_scripts
[1.127s] writing list of installed files to '/workspaces/dev_env/src/drone_workspace/build/my_drone_ctrl/install.log'
[1.148s] Invoked command in '/workspaces/dev_env/src/drone_workspace/my_drone_ctrl' returned '0': PYTHONPATH=/workspaces/dev_env/src/drone_workspace/build/my_drone_ctrl/prefix_override:/workspaces/dev_env/src/drone_workspace/install/my_drone_ctrl/lib/python3.10/site-packages:${PYTHONPATH} /usr/bin/python3 setup.py egg_info --egg-base ../build/my_drone_ctrl build --build-base /workspaces/dev_env/src/drone_workspace/build/my_drone_ctrl/build install --record /workspaces/dev_env/src/drone_workspace/build/my_drone_ctrl/install.log --single-version-externally-managed
