[0.184s] Invoking command in '/workspaces/dev_env/src/drone_workspace/build/my_drone_bringup': /usr/bin/cmake /workspaces/dev_env/src/drone_workspace/my_drone_ctrl -DCMAKE_INSTALL_PREFIX=/workspaces/dev_env/src/drone_workspace/install/my_drone_bringup
[0.196s] -- Found ament_cmake: 1.3.5 (/opt/ros/humble/share/ament_cmake/cmake)
[0.501s] Error parsing '/workspaces/dev_env/src/drone_workspace/my_drone_ctrl/package.xml':
[0.501s] Traceback (most recent call last):
[0.501s]   File "/opt/ros/humble/share/ament_cmake_core/cmake/core/package_xml_2_cmake.py", line 150, in <module>
[0.501s]     main()
[0.502s]   File "/opt/ros/humble/share/ament_cmake_core/cmake/core/package_xml_2_cmake.py", line 53, in main
[0.502s]     raise e
[0.502s]   File "/opt/ros/humble/share/ament_cmake_core/cmake/core/package_xml_2_cmake.py", line 49, in main
[0.502s]     package = parse_package_string(
[0.502s]   File "/usr/lib/python3/dist-packages/catkin_pkg/package.py", line 788, in parse_package_string
[0.502s]     pkg.validate(warnings=warnings)
[0.502s]   File "/usr/lib/python3/dist-packages/catkin_pkg/package.py", line 330, in validate
[0.502s]     raise InvalidPackage('\n'.join(errors), self.filename)
[0.502s] catkin_pkg.package.InvalidPackage: Error(s) in package '/workspaces/dev_env/src/drone_workspace/my_drone_ctrl/package.xml':
[0.502s] The package "my_drone_ctrl" must not "exec_depend" on a package with the same name as this package
[0.512s] [31mCMake Error at /opt/ros/humble/share/ament_cmake_core/cmake/core/ament_package_xml.cmake:95 (message):
[0.512s]   execute_process(/usr/bin/python3.10
[0.512s]   /opt/ros/humble/share/ament_cmake_core/cmake/core/package_xml_2_cmake.py
[0.513s]   /workspaces/dev_env/src/drone_workspace/my_drone_ctrl/package.xml
[0.513s]   /workspaces/dev_env/src/drone_workspace/build/my_drone_bringup/ament_cmake_core/package.cmake)
[0.513s]   returned error code 1
[0.513s] Call Stack (most recent call first):
[0.513s]   /opt/ros/humble/share/ament_cmake_core/cmake/core/ament_package_xml.cmake:49 (_ament_package_xml)
[0.513s]   /opt/ros/humble/share/ament_cmake_core/cmake/core/ament_package.cmake:63 (ament_package_xml)
[0.513s]   CMakeLists.txt:16 (ament_package)
[0.513s] 
[0.513s] [0m
[0.513s] -- Configuring incomplete, errors occurred!
[0.513s] See also "/workspaces/dev_env/src/drone_workspace/build/my_drone_bringup/CMakeFiles/CMakeOutput.log".
[0.517s] Invoked command in '/workspaces/dev_env/src/drone_workspace/build/my_drone_bringup' returned '1': /usr/bin/cmake /workspaces/dev_env/src/drone_workspace/my_drone_ctrl -DCMAKE_INSTALL_PREFIX=/workspaces/dev_env/src/drone_workspace/install/my_drone_bringup
