[1.457s] Invoking command in '/workspaces/dev_env/src/drone_workspace/my_drone_ctrl': PYTHONPATH=/workspaces/dev_env/src/drone_workspace/build/my_drone_ctrl/prefix_override:/workspaces/dev_env/src/drone_workspace/install/my_drone_ctrl/lib/python3.10/site-packages:${PYTHONPATH} /usr/bin/python3 setup.py egg_info --egg-base ../build/my_drone_ctrl build --build-base /workspaces/dev_env/src/drone_workspace/build/my_drone_ctrl/build install --record /workspaces/dev_env/src/drone_workspace/build/my_drone_ctrl/install.log --single-version-externally-managed
[1.730s] running egg_info
[1.758s] writing ../build/my_drone_ctrl/my_drone_ctrl.egg-info/PKG-INFO
[1.758s] writing dependency_links to ../build/my_drone_ctrl/my_drone_ctrl.egg-info/dependency_links.txt
[1.759s] writing entry points to ../build/my_drone_ctrl/my_drone_ctrl.egg-info/entry_points.txt
[1.759s] writing requirements to ../build/my_drone_ctrl/my_drone_ctrl.egg-info/requires.txt
[1.759s] writing top-level names to ../build/my_drone_ctrl/my_drone_ctrl.egg-info/top_level.txt
[1.804s] reading manifest file '../build/my_drone_ctrl/my_drone_ctrl.egg-info/SOURCES.txt'
[1.807s] writing manifest file '../build/my_drone_ctrl/my_drone_ctrl.egg-info/SOURCES.txt'
[1.807s] running build
[1.807s] running build_py
[1.808s] copying my_drone_ctrl/GPSData.py -> /workspaces/dev_env/src/drone_workspace/build/my_drone_ctrl/build/lib/my_drone_ctrl
[1.808s] running install
[1.808s] /usr/local/lib/python3.10/dist-packages/setuptools/_distutils/cmd.py:66: SetuptoolsDeprecationWarning: setup.py install is deprecated.
[1.809s] !!
[1.809s] 
[1.809s]         ********************************************************************************
[1.809s]         Please avoid running ``setup.py`` directly.
[1.809s]         Instead, use pypa/build, pypa/installer or other
[1.809s]         standards-based tools.
[1.810s] 
[1.810s]         See https://blog.ganssle.io/articles/2021/10/setup-py-deprecated.html for details.
[1.810s]         ********************************************************************************
[1.810s] 
[1.811s] !!
[1.811s]   self.initialize_options()
[1.819s] running install_lib
[1.845s] copying /workspaces/dev_env/src/drone_workspace/build/my_drone_ctrl/build/lib/my_drone_ctrl/GPSData.py -> /workspaces/dev_env/src/drone_workspace/install/my_drone_ctrl/lib/python3.10/site-packages/my_drone_ctrl
[1.846s] byte-compiling /workspaces/dev_env/src/drone_workspace/install/my_drone_ctrl/lib/python3.10/site-packages/my_drone_ctrl/GPSData.py to GPSData.cpython-310.pyc
[1.850s] running install_data
[1.865s] running install_egg_info
[1.881s] removing '/workspaces/dev_env/src/drone_workspace/install/my_drone_ctrl/lib/python3.10/site-packages/my_drone_ctrl-0.0.0-py3.10.egg-info' (and everything under it)
[1.882s] Copying ../build/my_drone_ctrl/my_drone_ctrl.egg-info to /workspaces/dev_env/src/drone_workspace/install/my_drone_ctrl/lib/python3.10/site-packages/my_drone_ctrl-0.0.0-py3.10.egg-info
[1.883s] running install_scripts
[2.079s] Installing GPSNode script to /workspaces/dev_env/src/drone_workspace/install/my_drone_ctrl/lib/my_drone_ctrl
[2.079s] writing list of installed files to '/workspaces/dev_env/src/drone_workspace/build/my_drone_ctrl/install.log'
[2.135s] Invoked command in '/workspaces/dev_env/src/drone_workspace/my_drone_ctrl' returned '0': PYTHONPATH=/workspaces/dev_env/src/drone_workspace/build/my_drone_ctrl/prefix_override:/workspaces/dev_env/src/drone_workspace/install/my_drone_ctrl/lib/python3.10/site-packages:${PYTHONPATH} /usr/bin/python3 setup.py egg_info --egg-base ../build/my_drone_ctrl build --build-base /workspaces/dev_env/src/drone_workspace/build/my_drone_ctrl/build install --record /workspaces/dev_env/src/drone_workspace/build/my_drone_ctrl/install.log --single-version-externally-managed
