[0.175s] Invoking command in '/workspaces/dev_env/src/drone_workspace/build/my_drone_bringup': /usr/bin/cmake /workspaces/dev_env/src/drone_workspace/my_drone_ctrl -DCMAKE_INSTALL_PREFIX=/workspaces/dev_env/src/drone_workspace/install/my_drone_bringup
[0.494s] -- The C compiler identification is GNU 11.4.0
[0.675s] -- The CXX compiler identification is GNU 11.4.0
[0.690s] -- Detecting C compiler ABI info
[0.806s] -- Detecting C compiler ABI info - done
[0.815s] -- Check for working C compiler: /usr/bin/cc - skipped
[0.816s] -- Detecting C compile features
[0.816s] -- Detecting C compile features - done
[0.823s] -- Detecting CXX compiler ABI info
[0.966s] -- Detecting CXX compiler ABI info - done
[0.974s] -- Check for working CXX compiler: /usr/bin/c++ - skipped
[0.975s] -- Detecting CXX compile features
[0.975s] -- Detecting CXX compile features - done
[0.988s] -- Found ament_cmake: 1.3.5 (/opt/ros/humble/share/ament_cmake/cmake)
[1.555s] -- Found Python3: /usr/bin/python3.10 (found version "3.10.12") found components: Interpreter 
[1.800s] Error parsing '/workspaces/dev_env/src/drone_workspace/my_drone_ctrl/package.xml':
[1.802s] Traceback (most recent call last):
[1.802s]   File "/opt/ros/humble/share/ament_cmake_core/cmake/core/package_xml_2_cmake.py", line 150, in <module>
[1.804s]     main()
[1.804s]   File "/opt/ros/humble/share/ament_cmake_core/cmake/core/package_xml_2_cmake.py", line 53, in main
[1.804s]     raise e
[1.805s]   File "/opt/ros/humble/share/ament_cmake_core/cmake/core/package_xml_2_cmake.py", line 49, in main
[1.805s]     package = parse_package_string(
[1.805s]   File "/usr/lib/python3/dist-packages/catkin_pkg/package.py", line 788, in parse_package_string
[1.805s]     pkg.validate(warnings=warnings)
[1.805s]   File "/usr/lib/python3/dist-packages/catkin_pkg/package.py", line 330, in validate
[1.805s]     raise InvalidPackage('\n'.join(errors), self.filename)
[1.805s] catkin_pkg.package.InvalidPackage: Error(s) in package '/workspaces/dev_env/src/drone_workspace/my_drone_ctrl/package.xml':
[1.806s] The package "my_drone_ctrl" must not "exec_depend" on a package with the same name as this package
[1.821s] [31mCMake Error at /opt/ros/humble/share/ament_cmake_core/cmake/core/ament_package_xml.cmake:95 (message):
[1.822s]   execute_process(/usr/bin/python3.10
[1.822s]   /opt/ros/humble/share/ament_cmake_core/cmake/core/package_xml_2_cmake.py
[1.822s]   /workspaces/dev_env/src/drone_workspace/my_drone_ctrl/package.xml
[1.822s]   /workspaces/dev_env/src/drone_workspace/build/my_drone_bringup/ament_cmake_core/package.cmake)
[1.822s]   returned error code 1
[1.823s] Call Stack (most recent call first):
[1.823s]   /opt/ros/humble/share/ament_cmake_core/cmake/core/ament_package_xml.cmake:49 (_ament_package_xml)
[1.823s]   /opt/ros/humble/share/ament_cmake_core/cmake/core/ament_package.cmake:63 (ament_package_xml)
[1.824s]   CMakeLists.txt:16 (ament_package)
[1.824s] 
[1.824s] [0m
[1.825s] -- Configuring incomplete, errors occurred!
[1.825s] See also "/workspaces/dev_env/src/drone_workspace/build/my_drone_bringup/CMakeFiles/CMakeOutput.log".
[1.830s] Invoked command in '/workspaces/dev_env/src/drone_workspace/build/my_drone_bringup' returned '1': /usr/bin/cmake /workspaces/dev_env/src/drone_workspace/my_drone_ctrl -DCMAKE_INSTALL_PREFIX=/workspaces/dev_env/src/drone_workspace/install/my_drone_bringup
