[1.325s] Invoking command in '/workspaces/dev_env/src/drone_workspace/my_drone_ctrl': PYTHONPATH=/workspaces/dev_env/src/drone_workspace/build/my_drone_ctrl/prefix_override:/workspaces/dev_env/src/drone_workspace/install/my_drone_ctrl/lib/python3.10/site-packages:${PYTHONPATH} /usr/bin/python3 setup.py egg_info --egg-base ../build/my_drone_ctrl build --build-base /workspaces/dev_env/src/drone_workspace/build/my_drone_ctrl/build install --record /workspaces/dev_env/src/drone_workspace/build/my_drone_ctrl/install.log --single-version-externally-managed
[1.639s] running egg_info
[1.660s] writing ../build/my_drone_ctrl/my_drone_ctrl.egg-info/PKG-INFO
[1.660s] writing dependency_links to ../build/my_drone_ctrl/my_drone_ctrl.egg-info/dependency_links.txt
[1.661s] writing entry points to ../build/my_drone_ctrl/my_drone_ctrl.egg-info/entry_points.txt
[1.661s] writing requirements to ../build/my_drone_ctrl/my_drone_ctrl.egg-info/requires.txt
[1.661s] writing top-level names to ../build/my_drone_ctrl/my_drone_ctrl.egg-info/top_level.txt
[1.693s] reading manifest file '../build/my_drone_ctrl/my_drone_ctrl.egg-info/SOURCES.txt'
[1.695s] writing manifest file '../build/my_drone_ctrl/my_drone_ctrl.egg-info/SOURCES.txt'
[1.695s] running build
[1.695s] running build_py
[1.696s] /usr/local/lib/python3.10/dist-packages/setuptools/_distutils/cmd.py:66: SetuptoolsDeprecationWarning: setup.py install is deprecated.
[1.696s] !!
[1.696s] 
[1.696s]         ********************************************************************************
[1.696s]         Please avoid running ``setup.py`` directly.
[1.697s]         Instead, use pypa/build, pypa/installer or other
[1.697s]         standards-based tools.
[1.697s] 
[1.697s]         See https://blog.ganssle.io/articles/2021/10/setup-py-deprecated.html for details.
[1.697s]         ********************************************************************************
[1.697s] 
[1.697s] !!
[1.698s]   self.initialize_options()
[1.698s] running install
[1.705s] running install_lib
[1.732s] running install_data
[1.756s] running install_egg_info
[1.770s] removing '/workspaces/dev_env/src/drone_workspace/install/my_drone_ctrl/lib/python3.10/site-packages/my_drone_ctrl-0.0.0-py3.10.egg-info' (and everything under it)
[1.771s] Copying ../build/my_drone_ctrl/my_drone_ctrl.egg-info to /workspaces/dev_env/src/drone_workspace/install/my_drone_ctrl/lib/python3.10/site-packages/my_drone_ctrl-0.0.0-py3.10.egg-info
[1.772s] running install_scripts
[1.942s] Installing GPSNode script to /workspaces/dev_env/src/drone_workspace/install/my_drone_ctrl/lib/my_drone_ctrl
[1.942s] writing list of installed files to '/workspaces/dev_env/src/drone_workspace/build/my_drone_ctrl/install.log'
[1.982s] Invoked command in '/workspaces/dev_env/src/drone_workspace/my_drone_ctrl' returned '0': PYTHONPATH=/workspaces/dev_env/src/drone_workspace/build/my_drone_ctrl/prefix_override:/workspaces/dev_env/src/drone_workspace/install/my_drone_ctrl/lib/python3.10/site-packages:${PYTHONPATH} /usr/bin/python3 setup.py egg_info --egg-base ../build/my_drone_ctrl build --build-base /workspaces/dev_env/src/drone_workspace/build/my_drone_ctrl/build install --record /workspaces/dev_env/src/drone_workspace/build/my_drone_ctrl/install.log --single-version-externally-managed
