[0.678s] Invoking command in '/workspaces/dev_env/src/drone_workspace/my_drone_ctrl': PYTHONPATH=/workspaces/dev_env/src/drone_workspace/build/my_drone_ctrl/prefix_override:/workspaces/dev_env/src/drone_workspace/install/my_drone_ctrl/lib/python3.10/site-packages:${PYTHONPATH} /usr/bin/python3 setup.py egg_info --egg-base ../build/my_drone_ctrl build --build-base /workspaces/dev_env/src/drone_workspace/build/my_drone_ctrl/build install --record /workspaces/dev_env/src/drone_workspace/build/my_drone_ctrl/install.log --single-version-externally-managed
[0.821s] running egg_info
[0.834s] writing ../build/my_drone_ctrl/my_drone_ctrl.egg-info/PKG-INFO
[0.834s] writing dependency_links to ../build/my_drone_ctrl/my_drone_ctrl.egg-info/dependency_links.txt
[0.834s] writing entry points to ../build/my_drone_ctrl/my_drone_ctrl.egg-info/entry_points.txt
[0.834s] writing requirements to ../build/my_drone_ctrl/my_drone_ctrl.egg-info/requires.txt
[0.834s] writing top-level names to ../build/my_drone_ctrl/my_drone_ctrl.egg-info/top_level.txt
[0.851s] reading manifest file '../build/my_drone_ctrl/my_drone_ctrl.egg-info/SOURCES.txt'
[0.852s] writing manifest file '../build/my_drone_ctrl/my_drone_ctrl.egg-info/SOURCES.txt'
[0.852s] running build
[0.853s] running build_py
[0.853s] running install
[0.853s] /usr/local/lib/python3.10/dist-packages/setuptools/_distutils/cmd.py:66: SetuptoolsDeprecationWarning: setup.py install is deprecated.
[0.853s] !!
[0.853s] 
[0.853s]         ********************************************************************************
[0.853s]         Please avoid running ``setup.py`` directly.
[0.853s]         Instead, use pypa/build, pypa/installer or other
[0.853s]         standards-based tools.
[0.853s] 
[0.853s]         See https://blog.ganssle.io/articles/2021/10/setup-py-deprecated.html for details.
[0.853s]         ********************************************************************************
[0.853s] 
[0.853s] !!
[0.853s]   self.initialize_options()
[0.857s] running install_lib
[0.866s] running install_data
[0.874s] running install_egg_info
[0.883s] removing '/workspaces/dev_env/src/drone_workspace/install/my_drone_ctrl/lib/python3.10/site-packages/my_drone_ctrl-0.0.0-py3.10.egg-info' (and everything under it)
[0.883s] Copying ../build/my_drone_ctrl/my_drone_ctrl.egg-info to /workspaces/dev_env/src/drone_workspace/install/my_drone_ctrl/lib/python3.10/site-packages/my_drone_ctrl-0.0.0-py3.10.egg-info
[0.883s] running install_scripts
[0.977s] Installing GPSNode script to /workspaces/dev_env/src/drone_workspace/install/my_drone_ctrl/lib/my_drone_ctrl
[0.977s] writing list of installed files to '/workspaces/dev_env/src/drone_workspace/build/my_drone_ctrl/install.log'
[0.996s] Invoked command in '/workspaces/dev_env/src/drone_workspace/my_drone_ctrl' returned '0': PYTHONPATH=/workspaces/dev_env/src/drone_workspace/build/my_drone_ctrl/prefix_override:/workspaces/dev_env/src/drone_workspace/install/my_drone_ctrl/lib/python3.10/site-packages:${PYTHONPATH} /usr/bin/python3 setup.py egg_info --egg-base ../build/my_drone_ctrl build --build-base /workspaces/dev_env/src/drone_workspace/build/my_drone_ctrl/build install --record /workspaces/dev_env/src/drone_workspace/build/my_drone_ctrl/install.log --single-version-externally-managed
