running egg_info
creating ../build/my_drone_ctrl/my_drone_ctrl.egg-info
writing ../build/my_drone_ctrl/my_drone_ctrl.egg-info/PKG-INFO
writing dependency_links to ../build/my_drone_ctrl/my_drone_ctrl.egg-info/dependency_links.txt
writing requirements to ../build/my_drone_ctrl/my_drone_ctrl.egg-info/requires.txt
writing top-level names to ../build/my_drone_ctrl/my_drone_ctrl.egg-info/top_level.txt
writing manifest file '../build/my_drone_ctrl/my_drone_ctrl.egg-info/SOURCES.txt'
reading manifest file '../build/my_drone_ctrl/my_drone_ctrl.egg-info/SOURCES.txt'
writing manifest file '../build/my_drone_ctrl/my_drone_ctrl.egg-info/SOURCES.txt'
running build
running build_py
creating /workspaces/dev_env/src/drone_workspace/build/my_drone_ctrl/build
creating /workspaces/dev_env/src/drone_workspace/build/my_drone_ctrl/build/lib
creating /workspaces/dev_env/src/drone_workspace/build/my_drone_ctrl/build/lib/my_drone_ctrl
copying my_drone_ctrl/__init__.py -> /workspaces/dev_env/src/drone_workspace/build/my_drone_ctrl/build/lib/my_drone_ctrl
running install
running install_lib
creating /workspaces/dev_env/src/drone_workspace/install/my_drone_ctrl/lib/python3.10/site-packages/my_drone_ctrl
copying /workspaces/dev_env/src/drone_workspace/build/my_drone_ctrl/build/lib/my_drone_ctrl/__init__.py -> /workspaces/dev_env/src/drone_workspace/install/my_drone_ctrl/lib/python3.10/site-packages/my_drone_ctrl
byte-compiling /workspaces/dev_env/src/drone_workspace/install/my_drone_ctrl/lib/python3.10/site-packages/my_drone_ctrl/__init__.py to __init__.cpython-310.pyc
running install_data
creating /workspaces/dev_env/src/drone_workspace/install/my_drone_ctrl/share/ament_index
creating /workspaces/dev_env/src/drone_workspace/install/my_drone_ctrl/share/ament_index/resource_index
creating /workspaces/dev_env/src/drone_workspace/install/my_drone_ctrl/share/ament_index/resource_index/packages
copying resource/my_drone_ctrl -> /workspaces/dev_env/src/drone_workspace/install/my_drone_ctrl/share/ament_index/resource_index/packages
copying package.xml -> /workspaces/dev_env/src/drone_workspace/install/my_drone_ctrl/share/my_drone_ctrl
running install_egg_info
Copying ../build/my_drone_ctrl/my_drone_ctrl.egg-info to /workspaces/dev_env/src/drone_workspace/install/my_drone_ctrl/lib/python3.10/site-packages/my_drone_ctrl-0.0.0-py3.10.egg-info
running install_scripts
writing list of installed files to '/workspaces/dev_env/src/drone_workspace/build/my_drone_ctrl/install.log'
