[1.092s] Invoking command in '/workspaces/dev_env/src/drone_workspace/my_drone_ctrl': PYTHONPATH=/workspaces/dev_env/src/drone_workspace/build/my_drone_ctrl/prefix_override:/workspaces/dev_env/src/drone_workspace/install/my_drone_ctrl/lib/python3.10/site-packages:${PYTHONPATH} /usr/bin/python3 setup.py egg_info --egg-base ../build/my_drone_ctrl build --build-base /workspaces/dev_env/src/drone_workspace/build/my_drone_ctrl/build install --record /workspaces/dev_env/src/drone_workspace/build/my_drone_ctrl/install.log --single-version-externally-managed
[1.300s] running egg_info
[1.301s] creating ../build/my_drone_ctrl/my_drone_ctrl.egg-info
[1.312s] writing ../build/my_drone_ctrl/my_drone_ctrl.egg-info/PKG-INFO
[1.313s] writing dependency_links to ../build/my_drone_ctrl/my_drone_ctrl.egg-info/dependency_links.txt
[1.314s] writing requirements to ../build/my_drone_ctrl/my_drone_ctrl.egg-info/requires.txt
[1.314s] writing top-level names to ../build/my_drone_ctrl/my_drone_ctrl.egg-info/top_level.txt
[1.314s] writing manifest file '../build/my_drone_ctrl/my_drone_ctrl.egg-info/SOURCES.txt'
[1.345s] reading manifest file '../build/my_drone_ctrl/my_drone_ctrl.egg-info/SOURCES.txt'
[1.345s] writing manifest file '../build/my_drone_ctrl/my_drone_ctrl.egg-info/SOURCES.txt'
[1.345s] running build
[1.345s] running build_py
[1.345s] creating /workspaces/dev_env/src/drone_workspace/build/my_drone_ctrl/build
[1.345s] creating /workspaces/dev_env/src/drone_workspace/build/my_drone_ctrl/build/lib
[1.345s] creating /workspaces/dev_env/src/drone_workspace/build/my_drone_ctrl/build/lib/my_drone_ctrl
[1.346s] copying my_drone_ctrl/__init__.py -> /workspaces/dev_env/src/drone_workspace/build/my_drone_ctrl/build/lib/my_drone_ctrl
[1.346s] running install
[1.350s] /usr/local/lib/python3.10/dist-packages/setuptools/_distutils/cmd.py:66: SetuptoolsDeprecationWarning: setup.py install is deprecated.
[1.350s] !!
[1.351s] 
[1.351s]         ********************************************************************************
[1.351s]         Please avoid running ``setup.py`` directly.
[1.351s]         Instead, use pypa/build, pypa/installer or other
[1.351s]         standards-based tools.
[1.352s] 
[1.352s]         See https://blog.ganssle.io/articles/2021/10/setup-py-deprecated.html for details.
[1.352s]         ********************************************************************************
[1.352s] 
[1.352s] !!
[1.352s]   self.initialize_options()
[1.356s] running install_lib
[1.369s] creating /workspaces/dev_env/src/drone_workspace/install/my_drone_ctrl/lib/python3.10/site-packages/my_drone_ctrl
[1.369s] copying /workspaces/dev_env/src/drone_workspace/build/my_drone_ctrl/build/lib/my_drone_ctrl/__init__.py -> /workspaces/dev_env/src/drone_workspace/install/my_drone_ctrl/lib/python3.10/site-packages/my_drone_ctrl
[1.369s] byte-compiling /workspaces/dev_env/src/drone_workspace/install/my_drone_ctrl/lib/python3.10/site-packages/my_drone_ctrl/__init__.py to __init__.cpython-310.pyc
[1.370s] running install_data
[1.382s] creating /workspaces/dev_env/src/drone_workspace/install/my_drone_ctrl/share/ament_index
[1.382s] creating /workspaces/dev_env/src/drone_workspace/install/my_drone_ctrl/share/ament_index/resource_index
[1.382s] creating /workspaces/dev_env/src/drone_workspace/install/my_drone_ctrl/share/ament_index/resource_index/packages
[1.382s] copying resource/my_drone_ctrl -> /workspaces/dev_env/src/drone_workspace/install/my_drone_ctrl/share/ament_index/resource_index/packages
[1.383s] copying package.xml -> /workspaces/dev_env/src/drone_workspace/install/my_drone_ctrl/share/my_drone_ctrl
[1.383s] running install_egg_info
[1.394s] Copying ../build/my_drone_ctrl/my_drone_ctrl.egg-info to /workspaces/dev_env/src/drone_workspace/install/my_drone_ctrl/lib/python3.10/site-packages/my_drone_ctrl-0.0.0-py3.10.egg-info
[1.394s] running install_scripts
[1.518s] writing list of installed files to '/workspaces/dev_env/src/drone_workspace/build/my_drone_ctrl/install.log'
[1.551s] Invoked command in '/workspaces/dev_env/src/drone_workspace/my_drone_ctrl' returned '0': PYTHONPATH=/workspaces/dev_env/src/drone_workspace/build/my_drone_ctrl/prefix_override:/workspaces/dev_env/src/drone_workspace/install/my_drone_ctrl/lib/python3.10/site-packages:${PYTHONPATH} /usr/bin/python3 setup.py egg_info --egg-base ../build/my_drone_ctrl build --build-base /workspaces/dev_env/src/drone_workspace/build/my_drone_ctrl/build install --record /workspaces/dev_env/src/drone_workspace/build/my_drone_ctrl/install.log --single-version-externally-managed
