[0.497s] Invoking command in '/workspaces/dev_env/src/drone_workspace/build/px4_msgs': CMAKE_PREFIX_PATH=${CMAKE_PREFIX_PATH}:/workspaces/dev_env/src/drone_workspace/install/my_drone_ctrl:/opt/ros/humble /usr/bin/cmake /workspaces/dev_env/src/drone_workspace/px4_msgs -DAMENT_CMAKE_SYMLINK_INSTALL=1 -DCMAKE_INSTALL_PREFIX=/workspaces/dev_env/src/drone_workspace/install/px4_msgs
[0.509s] -- Found ament_cmake: 1.3.5 (/opt/ros/humble/share/ament_cmake/cmake)
[0.711s] -- Override CMake install command with custom implementation using symlinks instead of copying resources
[0.731s] -- Found builtin_interfaces: 1.2.1 (/opt/ros/humble/share/builtin_interfaces/cmake)
[0.812s] -- Found rosidl_generator_c: 3.1.5 (/opt/ros/humble/share/rosidl_generator_c/cmake)
[0.821s] -- Found rosidl_adapter: 3.1.5 (/opt/ros/humble/share/rosidl_adapter/cmake)
[0.845s] -- Found rosidl_generator_cpp: 3.1.5 (/opt/ros/humble/share/rosidl_generator_cpp/cmake)
[0.879s] -- Using all available rosidl_typesupport_c: rosidl_typesupport_fastrtps_c;rosidl_typesupport_introspection_c
[0.909s] -- Using all available rosidl_typesupport_cpp: rosidl_typesupport_fastrtps_cpp;rosidl_typesupport_introspection_cpp
[0.937s] -- Found rosidl_default_generators: 1.2.0 (/opt/ros/humble/share/rosidl_default_generators/cmake)
[3.878s] -- Found ament_cmake_cppcheck: 0.12.8 (/opt/ros/humble/share/ament_cmake_cppcheck/cmake)
[3.882s] -- Found ament_cmake_cpplint: 0.12.8 (/opt/ros/humble/share/ament_cmake_cpplint/cmake)
[3.886s] -- Found ament_cmake_uncrustify: 0.12.8 (/opt/ros/humble/share/ament_cmake_uncrustify/cmake)
[3.889s] -- Found ament_cmake_ros: 0.10.0 (/opt/ros/humble/share/ament_cmake_ros/cmake)
[4.568s] -- Using all available rosidl_typesupport_c: rosidl_typesupport_fastrtps_c;rosidl_typesupport_introspection_c
[4.804s] -- Using all available rosidl_typesupport_cpp: rosidl_typesupport_fastrtps_cpp;rosidl_typesupport_introspection_cpp
[4.842s] -- Found python_cmake_module: 0.10.0 (/opt/ros/humble/share/python_cmake_module/cmake)
[4.876s] -- Using PYTHON_EXECUTABLE: /usr/bin/python3
[4.877s] -- Using PYTHON_INCLUDE_DIRS: /usr/include/python3.10
[4.877s] -- Using PYTHON_LIBRARIES: /usr/lib/x86_64-linux-gnu/libpython3.10.so
[4.958s] -- Found ament_cmake_flake8: 0.12.8 (/opt/ros/humble/share/ament_cmake_flake8/cmake)
[4.962s] -- Found ament_cmake_pep257: 0.12.8 (/opt/ros/humble/share/ament_cmake_pep257/cmake)
[5.091s] -- Configuring done
[5.747s] -- Generating done
[5.753s] -- Build files have been written to: /workspaces/dev_env/src/drone_workspace/build/px4_msgs
[5.789s] Invoked command in '/workspaces/dev_env/src/drone_workspace/build/px4_msgs' returned '0': CMAKE_PREFIX_PATH=${CMAKE_PREFIX_PATH}:/workspaces/dev_env/src/drone_workspace/install/my_drone_ctrl:/opt/ros/humble /usr/bin/cmake /workspaces/dev_env/src/drone_workspace/px4_msgs -DAMENT_CMAKE_SYMLINK_INSTALL=1 -DCMAKE_INSTALL_PREFIX=/workspaces/dev_env/src/drone_workspace/install/px4_msgs
[5.791s] Invoking command in '/workspaces/dev_env/src/drone_workspace/build/px4_msgs': CMAKE_PREFIX_PATH=${CMAKE_PREFIX_PATH}:/workspaces/dev_env/src/drone_workspace/install/my_drone_ctrl:/opt/ros/humble /usr/bin/cmake --build /workspaces/dev_env/src/drone_workspace/build/px4_msgs -- -j20 -l20
[6.311s] failed to create symbolic link '/workspaces/dev_env/src/drone_workspace/build/px4_msgs/ament_cmake_python/px4_msgs/px4_msgs' because existing path cannot be removed: Is a directory
[6.312s] gmake[2]: *** [CMakeFiles/ament_cmake_python_symlink_px4_msgs.dir/build.make:70: CMakeFiles/ament_cmake_python_symlink_px4_msgs] Error 1
[6.312s] gmake[1]: *** [CMakeFiles/Makefile2:421: CMakeFiles/ament_cmake_python_symlink_px4_msgs.dir/all] Error 2
[6.312s] gmake[1]: *** Waiting for unfinished jobs....
[6.335s] [  0%] Built target px4_msgs__cpp
[6.405s] [35m[1mConsolidate compiler generated dependencies of target px4_msgs__rosidl_generator_c[0m
[6.496s] [ 12%] Built target px4_msgs__rosidl_generator_c
[6.497s] gmake: *** [Makefile:146: all] Error 2
[6.502s] Invoked command in '/workspaces/dev_env/src/drone_workspace/build/px4_msgs' returned '2': CMAKE_PREFIX_PATH=${CMAKE_PREFIX_PATH}:/workspaces/dev_env/src/drone_workspace/install/my_drone_ctrl:/opt/ros/humble /usr/bin/cmake --build /workspaces/dev_env/src/drone_workspace/build/px4_msgs -- -j20 -l20
