[1.129s] DEBUG:colcon:Command line arguments: ['/usr/bin/colcon', 'build']
[1.129s] DEBUG:colcon:Parsed command line arguments: Namespace(log_base=None, log_level=None, verb_name='build', build_base='build', install_base='install', merge_install=False, symlink_install=False, test_result_base=None, continue_on_error=False, executor='parallel', parallel_workers=20, event_handlers=None, ignore_user_meta=False, metas=['./colcon.meta'], base_paths=['.'], packages_ignore=None, packages_ignore_regex=None, paths=None, packages_up_to=None, packages_up_to_regex=None, packages_above=None, packages_above_and_dependencies=None, packages_above_depth=None, packages_select_by_dep=None, packages_skip_by_dep=None, packages_skip_up_to=None, packages_select_build_failed=False, packages_skip_build_finished=False, packages_select_test_failures=False, packages_skip_test_passed=False, packages_select=None, packages_skip=None, packages_select_regex=None, packages_skip_regex=None, packages_start=None, packages_end=None, cmake_args=None, cmake_target=None, cmake_target_skip_unavailable=False, cmake_clean_cache=False, cmake_clean_first=False, cmake_force_configure=False, ament_cmake_args=None, catkin_cmake_args=None, catkin_skip_building_tests=False, verb_parser=<colcon_defaults.argument_parser.defaults.DefaultArgumentsDecorator object at 0x7f7389591ae0>, verb_extension=<colcon_core.verb.build.BuildVerb object at 0x7f7389591570>, main=<bound method BuildVerb.main of <colcon_core.verb.build.BuildVerb object at 0x7f7389591570>>)
[1.197s] Level 1:colcon.colcon_core.package_discovery:discover_packages(colcon_meta) check parameters
[1.198s] Level 1:colcon.colcon_core.package_discovery:discover_packages(recursive) check parameters
[1.198s] Level 1:colcon.colcon_core.package_discovery:discover_packages(ignore) check parameters
[1.198s] Level 1:colcon.colcon_core.package_discovery:discover_packages(path) check parameters
[1.198s] Level 1:colcon.colcon_core.package_discovery:discover_packages(colcon_meta) discover
[1.198s] Level 1:colcon.colcon_core.package_discovery:discover_packages(recursive) discover
[1.198s] INFO:colcon.colcon_core.package_discovery:Crawling recursively for packages in '/workspaces/dev_env/src/drone_workspace'
[1.198s] Level 1:colcon.colcon_core.package_identification:_identify(.) by extensions ['ignore', 'ignore_ament_install']
[1.198s] Level 1:colcon.colcon_core.package_identification:_identify(.) by extension 'ignore'
[1.198s] Level 1:colcon.colcon_core.package_identification:_identify(.) by extension 'ignore_ament_install'
[1.198s] Level 1:colcon.colcon_core.package_identification:_identify(.) by extensions ['colcon_pkg']
[1.198s] Level 1:colcon.colcon_core.package_identification:_identify(.) by extension 'colcon_pkg'
[1.198s] Level 1:colcon.colcon_core.package_identification:_identify(.) by extensions ['colcon_meta']
[1.198s] Level 1:colcon.colcon_core.package_identification:_identify(.) by extension 'colcon_meta'
[1.199s] Level 1:colcon.colcon_core.package_identification:_identify(.) by extensions ['ros']
[1.199s] Level 1:colcon.colcon_core.package_identification:_identify(.) by extension 'ros'
[1.229s] Level 1:colcon.colcon_core.package_identification:_identify(.) by extensions ['cmake', 'python']
[1.229s] Level 1:colcon.colcon_core.package_identification:_identify(.) by extension 'cmake'
[1.229s] Level 1:colcon.colcon_core.package_identification:_identify(.) by extension 'python'
[1.229s] Level 1:colcon.colcon_core.package_identification:_identify(.) by extensions ['python_setup_py']
[1.229s] Level 1:colcon.colcon_core.package_identification:_identify(.) by extension 'python_setup_py'
[1.229s] Level 1:colcon.colcon_core.package_identification:_identify(build) by extensions ['ignore', 'ignore_ament_install']
[1.229s] Level 1:colcon.colcon_core.package_identification:_identify(build) by extension 'ignore'
[1.229s] Level 1:colcon.colcon_core.package_identification:_identify(build) ignored
[1.229s] Level 1:colcon.colcon_core.package_identification:_identify(install) by extensions ['ignore', 'ignore_ament_install']
[1.230s] Level 1:colcon.colcon_core.package_identification:_identify(install) by extension 'ignore'
[1.230s] Level 1:colcon.colcon_core.package_identification:_identify(install) ignored
[1.230s] Level 1:colcon.colcon_core.package_identification:_identify(log) by extensions ['ignore', 'ignore_ament_install']
[1.230s] Level 1:colcon.colcon_core.package_identification:_identify(log) by extension 'ignore'
[1.230s] Level 1:colcon.colcon_core.package_identification:_identify(log) ignored
[1.230s] Level 1:colcon.colcon_core.package_identification:_identify(my_drone_ctrl) by extensions ['ignore', 'ignore_ament_install']
[1.230s] Level 1:colcon.colcon_core.package_identification:_identify(my_drone_ctrl) by extension 'ignore'
[1.230s] Level 1:colcon.colcon_core.package_identification:_identify(my_drone_ctrl) by extension 'ignore_ament_install'
[1.230s] Level 1:colcon.colcon_core.package_identification:_identify(my_drone_ctrl) by extensions ['colcon_pkg']
[1.230s] Level 1:colcon.colcon_core.package_identification:_identify(my_drone_ctrl) by extension 'colcon_pkg'
[1.230s] Level 1:colcon.colcon_core.package_identification:_identify(my_drone_ctrl) by extensions ['colcon_meta']
[1.230s] Level 1:colcon.colcon_core.package_identification:_identify(my_drone_ctrl) by extension 'colcon_meta'
[1.230s] Level 1:colcon.colcon_core.package_identification:_identify(my_drone_ctrl) by extensions ['ros']
[1.230s] Level 1:colcon.colcon_core.package_identification:_identify(my_drone_ctrl) by extension 'ros'
[1.234s] DEBUG:colcon.colcon_core.package_identification:Package 'my_drone_ctrl' with type 'ros.ament_python' and name 'my_drone_ctrl'
[1.234s] Level 1:colcon.colcon_core.package_identification:_identify(px4_msgs) by extensions ['ignore', 'ignore_ament_install']
[1.234s] Level 1:colcon.colcon_core.package_identification:_identify(px4_msgs) by extension 'ignore'
[1.234s] Level 1:colcon.colcon_core.package_identification:_identify(px4_msgs) by extension 'ignore_ament_install'
[1.234s] Level 1:colcon.colcon_core.package_identification:_identify(px4_msgs) by extensions ['colcon_pkg']
[1.234s] Level 1:colcon.colcon_core.package_identification:_identify(px4_msgs) by extension 'colcon_pkg'
[1.234s] Level 1:colcon.colcon_core.package_identification:_identify(px4_msgs) by extensions ['colcon_meta']
[1.234s] Level 1:colcon.colcon_core.package_identification:_identify(px4_msgs) by extension 'colcon_meta'
[1.234s] Level 1:colcon.colcon_core.package_identification:_identify(px4_msgs) by extensions ['ros']
[1.234s] Level 1:colcon.colcon_core.package_identification:_identify(px4_msgs) by extension 'ros'
[1.235s] DEBUG:colcon.colcon_core.package_identification:Package 'px4_msgs' with type 'ros.ament_cmake' and name 'px4_msgs'
[1.235s] Level 1:colcon.colcon_core.package_discovery:discover_packages(recursive) using defaults
[1.235s] Level 1:colcon.colcon_core.package_discovery:discover_packages(ignore) discover
[1.235s] Level 1:colcon.colcon_core.package_discovery:discover_packages(ignore) using defaults
[1.235s] Level 1:colcon.colcon_core.package_discovery:discover_packages(path) discover
[1.235s] Level 1:colcon.colcon_core.package_discovery:discover_packages(path) using defaults
[1.330s] Level 5:colcon.colcon_core.verb:set package 'my_drone_ctrl' build argument 'cmake_args' from command line to 'None'
[1.331s] Level 5:colcon.colcon_core.verb:set package 'my_drone_ctrl' build argument 'cmake_target' from command line to 'None'
[1.331s] Level 5:colcon.colcon_core.verb:set package 'my_drone_ctrl' build argument 'cmake_target_skip_unavailable' from command line to 'False'
[1.331s] Level 5:colcon.colcon_core.verb:set package 'my_drone_ctrl' build argument 'cmake_clean_cache' from command line to 'False'
[1.331s] Level 5:colcon.colcon_core.verb:set package 'my_drone_ctrl' build argument 'cmake_clean_first' from command line to 'False'
[1.331s] Level 5:colcon.colcon_core.verb:set package 'my_drone_ctrl' build argument 'cmake_force_configure' from command line to 'False'
[1.331s] Level 5:colcon.colcon_core.verb:set package 'my_drone_ctrl' build argument 'ament_cmake_args' from command line to 'None'
[1.331s] Level 5:colcon.colcon_core.verb:set package 'my_drone_ctrl' build argument 'catkin_cmake_args' from command line to 'None'
[1.331s] Level 5:colcon.colcon_core.verb:set package 'my_drone_ctrl' build argument 'catkin_skip_building_tests' from command line to 'False'
[1.331s] DEBUG:colcon.colcon_core.verb:Building package 'my_drone_ctrl' with the following arguments: {'ament_cmake_args': None, 'build_base': '/workspaces/dev_env/src/drone_workspace/build/my_drone_ctrl', 'catkin_cmake_args': None, 'catkin_skip_building_tests': False, 'cmake_args': None, 'cmake_clean_cache': False, 'cmake_clean_first': False, 'cmake_force_configure': False, 'cmake_target': None, 'cmake_target_skip_unavailable': False, 'install_base': '/workspaces/dev_env/src/drone_workspace/install/my_drone_ctrl', 'merge_install': False, 'path': '/workspaces/dev_env/src/drone_workspace/my_drone_ctrl', 'symlink_install': False, 'test_result_base': None}
[1.344s] Level 5:colcon.colcon_core.verb:set package 'px4_msgs' build argument 'cmake_args' from command line to 'None'
[1.344s] Level 5:colcon.colcon_core.verb:set package 'px4_msgs' build argument 'cmake_target' from command line to 'None'
[1.344s] Level 5:colcon.colcon_core.verb:set package 'px4_msgs' build argument 'cmake_target_skip_unavailable' from command line to 'False'
[1.344s] Level 5:colcon.colcon_core.verb:set package 'px4_msgs' build argument 'cmake_clean_cache' from command line to 'False'
[1.344s] Level 5:colcon.colcon_core.verb:set package 'px4_msgs' build argument 'cmake_clean_first' from command line to 'False'
[1.344s] Level 5:colcon.colcon_core.verb:set package 'px4_msgs' build argument 'cmake_force_configure' from command line to 'False'
[1.344s] Level 5:colcon.colcon_core.verb:set package 'px4_msgs' build argument 'ament_cmake_args' from command line to 'None'
[1.344s] Level 5:colcon.colcon_core.verb:set package 'px4_msgs' build argument 'catkin_cmake_args' from command line to 'None'
[1.345s] Level 5:colcon.colcon_core.verb:set package 'px4_msgs' build argument 'catkin_skip_building_tests' from command line to 'False'
[1.345s] DEBUG:colcon.colcon_core.verb:Building package 'px4_msgs' with the following arguments: {'ament_cmake_args': None, 'build_base': '/workspaces/dev_env/src/drone_workspace/build/px4_msgs', 'catkin_cmake_args': None, 'catkin_skip_building_tests': False, 'cmake_args': None, 'cmake_clean_cache': False, 'cmake_clean_first': False, 'cmake_force_configure': False, 'cmake_target': None, 'cmake_target_skip_unavailable': False, 'install_base': '/workspaces/dev_env/src/drone_workspace/install/px4_msgs', 'merge_install': False, 'path': '/workspaces/dev_env/src/drone_workspace/px4_msgs', 'symlink_install': False, 'test_result_base': None}
[1.357s] INFO:colcon.colcon_core.executor:Executing jobs using 'parallel' executor
[1.376s] DEBUG:colcon.colcon_parallel_executor.executor.parallel:run_until_complete
[1.376s] INFO:colcon.colcon_ros.task.ament_python.build:Building ROS package in '/workspaces/dev_env/src/drone_workspace/my_drone_ctrl' with build type 'ament_python'
[1.377s] Level 1:colcon.colcon_core.shell:create_environment_hook('my_drone_ctrl', 'ament_prefix_path')
[1.397s] INFO:colcon.colcon_core.plugin_system:Skipping extension 'colcon_core.shell.bat': Not used on non-Windows systems
[1.398s] INFO:colcon.colcon_core.shell:Creating environment hook '/workspaces/dev_env/src/drone_workspace/install/my_drone_ctrl/share/my_drone_ctrl/hook/ament_prefix_path.ps1'
[1.399s] INFO:colcon.colcon_core.shell:Creating environment descriptor '/workspaces/dev_env/src/drone_workspace/install/my_drone_ctrl/share/my_drone_ctrl/hook/ament_prefix_path.dsv'
[1.399s] INFO:colcon.colcon_core.shell:Creating environment hook '/workspaces/dev_env/src/drone_workspace/install/my_drone_ctrl/share/my_drone_ctrl/hook/ament_prefix_path.sh'
[1.417s] INFO:colcon.colcon_core.shell:Skip shell extension 'powershell' for command environment: Not usable outside of PowerShell
[1.417s] DEBUG:colcon.colcon_core.shell:Skip shell extension 'dsv' for command environment
[1.437s] WARNING:colcon.colcon_core.prefix_path.colcon:The path '/workspaces/dev_env/src/drone_workspace/my_drone_ctrl/my_drone_ctrl/install' in the environment variable COLCON_PREFIX_PATH doesn't exist
[1.437s] WARNING:colcon.colcon_ros.prefix_path.ament:The path '/workspaces/dev_env/src/drone_workspace/my_drone_ctrl/my_drone_ctrl/install/my_drone_bringup' in the environment variable AMENT_PREFIX_PATH doesn't exist
[1.438s] WARNING:colcon.colcon_ros.prefix_path.catkin:The path '/workspaces/dev_env/src/drone_workspace/my_drone_ctrl/my_drone_ctrl/install/my_drone_bringup' in the environment variable CMAKE_PREFIX_PATH doesn't exist
[1.492s] INFO:colcon.colcon_ros.task.ament_cmake.build:Building ROS package in '/workspaces/dev_env/src/drone_workspace/px4_msgs' with build type 'ament_cmake'
[1.493s] INFO:colcon.colcon_cmake.task.cmake.build:Building CMake package in '/workspaces/dev_env/src/drone_workspace/px4_msgs'
[1.513s] INFO:colcon.colcon_core.shell:Skip shell extension 'powershell' for command environment: Not usable outside of PowerShell
[1.513s] DEBUG:colcon.colcon_core.shell:Skip shell extension 'dsv' for command environment
[1.874s] INFO:colcon.colcon_core.task.python.build:Building Python package in '/workspaces/dev_env/src/drone_workspace/my_drone_ctrl'
[1.894s] INFO:colcon.colcon_core.shell:Skip shell extension 'powershell' for command environment: Not usable outside of PowerShell
[1.894s] DEBUG:colcon.colcon_core.shell:Skip shell extension 'dsv' for command environment
[1.976s] DEBUG:colcon.colcon_core.event_handler.log_command:Invoking command in '/workspaces/dev_env/src/drone_workspace/build/px4_msgs': CMAKE_PREFIX_PATH=${CMAKE_PREFIX_PATH}:/workspaces/dev_env/src/drone_workspace/install/my_drone_ctrl:/opt/ros/humble /usr/bin/cmake --build /workspaces/dev_env/src/drone_workspace/build/px4_msgs -- -j20 -l20
[2.731s] DEBUG:colcon.colcon_core.event_handler.log_command:Invoking command in '/workspaces/dev_env/src/drone_workspace/my_drone_ctrl': PYTHONPATH=/workspaces/dev_env/src/drone_workspace/build/my_drone_ctrl/prefix_override:/workspaces/dev_env/src/drone_workspace/install/my_drone_ctrl/lib/python3.10/site-packages:${PYTHONPATH} /usr/bin/python3 setup.py egg_info --egg-base ../build/my_drone_ctrl build --build-base /workspaces/dev_env/src/drone_workspace/build/my_drone_ctrl/build install --record /workspaces/dev_env/src/drone_workspace/build/my_drone_ctrl/install.log --single-version-externally-managed
[3.004s] DEBUG:colcon.colcon_core.event_handler.log_command:Invoked command in '/workspaces/dev_env/src/drone_workspace/build/px4_msgs' returned '0': CMAKE_PREFIX_PATH=${CMAKE_PREFIX_PATH}:/workspaces/dev_env/src/drone_workspace/install/my_drone_ctrl:/opt/ros/humble /usr/bin/cmake --build /workspaces/dev_env/src/drone_workspace/build/px4_msgs -- -j20 -l20
[3.391s] DEBUG:colcon.colcon_core.event_handler.log_command:Invoked command in '/workspaces/dev_env/src/drone_workspace/my_drone_ctrl' returned '0': PYTHONPATH=/workspaces/dev_env/src/drone_workspace/build/my_drone_ctrl/prefix_override:/workspaces/dev_env/src/drone_workspace/install/my_drone_ctrl/lib/python3.10/site-packages:${PYTHONPATH} /usr/bin/python3 setup.py egg_info --egg-base ../build/my_drone_ctrl build --build-base /workspaces/dev_env/src/drone_workspace/build/my_drone_ctrl/build install --record /workspaces/dev_env/src/drone_workspace/build/my_drone_ctrl/install.log --single-version-externally-managed
[3.414s] Level 1:colcon.colcon_core.environment:checking '/workspaces/dev_env/src/drone_workspace/install/my_drone_ctrl' for CMake module files
[3.415s] Level 1:colcon.colcon_core.environment:checking '/workspaces/dev_env/src/drone_workspace/install/my_drone_ctrl' for CMake config files
[3.415s] Level 1:colcon.colcon_core.environment:checking '/workspaces/dev_env/src/drone_workspace/install/my_drone_ctrl/lib'
[3.416s] Level 1:colcon.colcon_core.environment:checking '/workspaces/dev_env/src/drone_workspace/install/my_drone_ctrl/bin'
[3.416s] Level 1:colcon.colcon_core.environment:checking '/workspaces/dev_env/src/drone_workspace/install/my_drone_ctrl/lib/pkgconfig/my_drone_ctrl.pc'
[3.416s] Level 1:colcon.colcon_core.environment:checking '/workspaces/dev_env/src/drone_workspace/install/my_drone_ctrl/lib/python3.10/site-packages'
[3.416s] Level 1:colcon.colcon_core.shell:create_environment_hook('my_drone_ctrl', 'pythonpath')
[3.430s] INFO:colcon.colcon_core.shell:Creating environment hook '/workspaces/dev_env/src/drone_workspace/install/my_drone_ctrl/share/my_drone_ctrl/hook/pythonpath.ps1'
[3.431s] INFO:colcon.colcon_core.shell:Creating environment descriptor '/workspaces/dev_env/src/drone_workspace/install/my_drone_ctrl/share/my_drone_ctrl/hook/pythonpath.dsv'
[3.431s] INFO:colcon.colcon_core.shell:Creating environment hook '/workspaces/dev_env/src/drone_workspace/install/my_drone_ctrl/share/my_drone_ctrl/hook/pythonpath.sh'
[3.432s] Level 1:colcon.colcon_core.environment:checking '/workspaces/dev_env/src/drone_workspace/install/my_drone_ctrl/bin'
[3.432s] Level 1:colcon.colcon_core.environment:create_environment_scripts_only(my_drone_ctrl)
[3.446s] INFO:colcon.colcon_core.shell:Creating package script '/workspaces/dev_env/src/drone_workspace/install/my_drone_ctrl/share/my_drone_ctrl/package.ps1'
[3.447s] INFO:colcon.colcon_core.shell:Creating package descriptor '/workspaces/dev_env/src/drone_workspace/install/my_drone_ctrl/share/my_drone_ctrl/package.dsv'
[3.447s] INFO:colcon.colcon_core.shell:Creating package script '/workspaces/dev_env/src/drone_workspace/install/my_drone_ctrl/share/my_drone_ctrl/package.sh'
[3.448s] INFO:colcon.colcon_core.shell:Creating package script '/workspaces/dev_env/src/drone_workspace/install/my_drone_ctrl/share/my_drone_ctrl/package.bash'
[3.449s] INFO:colcon.colcon_core.shell:Creating package script '/workspaces/dev_env/src/drone_workspace/install/my_drone_ctrl/share/my_drone_ctrl/package.zsh'
[3.450s] Level 1:colcon.colcon_core.environment:create_file_with_runtime_dependencies(/workspaces/dev_env/src/drone_workspace/install/my_drone_ctrl/share/colcon-core/packages/my_drone_ctrl)
[7.462s] DEBUG:colcon.colcon_core.event_handler.log_command:Invoking command in '/workspaces/dev_env/src/drone_workspace/build/px4_msgs': CMAKE_PREFIX_PATH=${CMAKE_PREFIX_PATH}:/workspaces/dev_env/src/drone_workspace/install/my_drone_ctrl:/opt/ros/humble /usr/bin/cmake --install /workspaces/dev_env/src/drone_workspace/build/px4_msgs
[7.904s] Level 1:colcon.colcon_core.environment:create_environment_scripts_only(px4_msgs)
[8.030s] Level 1:colcon.colcon_core.environment:checking '/workspaces/dev_env/src/drone_workspace/install/px4_msgs' for CMake module files
[8.034s] Level 1:colcon.colcon_core.environment:checking '/workspaces/dev_env/src/drone_workspace/install/px4_msgs' for CMake config files
[8.042s] Level 1:colcon.colcon_core.shell:create_environment_hook('px4_msgs', 'cmake_prefix_path')
[8.154s] INFO:colcon.colcon_core.shell:Creating environment hook '/workspaces/dev_env/src/drone_workspace/install/px4_msgs/share/px4_msgs/hook/cmake_prefix_path.ps1'
[8.157s] INFO:colcon.colcon_core.shell:Creating environment descriptor '/workspaces/dev_env/src/drone_workspace/install/px4_msgs/share/px4_msgs/hook/cmake_prefix_path.dsv'
[8.161s] INFO:colcon.colcon_core.shell:Creating environment hook '/workspaces/dev_env/src/drone_workspace/install/px4_msgs/share/px4_msgs/hook/cmake_prefix_path.sh'
[8.173s] Level 1:colcon.colcon_core.environment:checking '/workspaces/dev_env/src/drone_workspace/install/px4_msgs/lib'
[8.173s] Level 1:colcon.colcon_core.shell:create_environment_hook('px4_msgs', 'ld_library_path_lib')
[8.182s] DEBUG:colcon.colcon_core.event_handler.log_command:Invoked command in '/workspaces/dev_env/src/drone_workspace/build/px4_msgs' returned '0': CMAKE_PREFIX_PATH=${CMAKE_PREFIX_PATH}:/workspaces/dev_env/src/drone_workspace/install/my_drone_ctrl:/opt/ros/humble /usr/bin/cmake --install /workspaces/dev_env/src/drone_workspace/build/px4_msgs
[8.202s] INFO:colcon.colcon_core.shell:Creating environment hook '/workspaces/dev_env/src/drone_workspace/install/px4_msgs/share/px4_msgs/hook/ld_library_path_lib.ps1'
[8.202s] INFO:colcon.colcon_core.shell:Creating environment descriptor '/workspaces/dev_env/src/drone_workspace/install/px4_msgs/share/px4_msgs/hook/ld_library_path_lib.dsv'
[8.203s] INFO:colcon.colcon_core.shell:Creating environment hook '/workspaces/dev_env/src/drone_workspace/install/px4_msgs/share/px4_msgs/hook/ld_library_path_lib.sh'
[8.203s] Level 1:colcon.colcon_core.environment:checking '/workspaces/dev_env/src/drone_workspace/install/px4_msgs/bin'
[8.203s] Level 1:colcon.colcon_core.environment:checking '/workspaces/dev_env/src/drone_workspace/install/px4_msgs/lib/pkgconfig/px4_msgs.pc'
[8.203s] Level 1:colcon.colcon_core.environment:checking '/workspaces/dev_env/src/drone_workspace/install/px4_msgs/lib/python3.10/site-packages'
[8.204s] Level 1:colcon.colcon_core.environment:checking '/workspaces/dev_env/src/drone_workspace/install/px4_msgs/bin'
[8.221s] INFO:colcon.colcon_core.shell:Creating package script '/workspaces/dev_env/src/drone_workspace/install/px4_msgs/share/px4_msgs/package.ps1'
[8.222s] INFO:colcon.colcon_core.shell:Creating package descriptor '/workspaces/dev_env/src/drone_workspace/install/px4_msgs/share/px4_msgs/package.dsv'
[8.222s] INFO:colcon.colcon_core.shell:Creating package script '/workspaces/dev_env/src/drone_workspace/install/px4_msgs/share/px4_msgs/package.sh'
[8.223s] INFO:colcon.colcon_core.shell:Creating package script '/workspaces/dev_env/src/drone_workspace/install/px4_msgs/share/px4_msgs/package.bash'
[8.223s] INFO:colcon.colcon_core.shell:Creating package script '/workspaces/dev_env/src/drone_workspace/install/px4_msgs/share/px4_msgs/package.zsh'
[8.223s] Level 1:colcon.colcon_core.environment:create_file_with_runtime_dependencies(/workspaces/dev_env/src/drone_workspace/install/px4_msgs/share/colcon-core/packages/px4_msgs)
[13.504s] Level 1:colcon.colcon_core.environment:create_environment_scripts_only(px4_msgs)
[13.517s] Level 1:colcon.colcon_core.environment:checking '/workspaces/dev_env/src/drone_workspace/install/px4_msgs' for CMake module files
[13.518s] Level 1:colcon.colcon_core.environment:checking '/workspaces/dev_env/src/drone_workspace/install/px4_msgs' for CMake config files
[13.518s] Level 1:colcon.colcon_core.shell:create_environment_hook('px4_msgs', 'cmake_prefix_path')
[13.531s] INFO:colcon.colcon_core.shell:Creating environment hook '/workspaces/dev_env/src/drone_workspace/install/px4_msgs/share/px4_msgs/hook/cmake_prefix_path.ps1'
[13.532s] INFO:colcon.colcon_core.shell:Creating environment descriptor '/workspaces/dev_env/src/drone_workspace/install/px4_msgs/share/px4_msgs/hook/cmake_prefix_path.dsv'
[13.533s] INFO:colcon.colcon_core.shell:Creating environment hook '/workspaces/dev_env/src/drone_workspace/install/px4_msgs/share/px4_msgs/hook/cmake_prefix_path.sh'
[13.533s] Level 1:colcon.colcon_core.environment:checking '/workspaces/dev_env/src/drone_workspace/install/px4_msgs/lib'
[13.533s] Level 1:colcon.colcon_core.shell:create_environment_hook('px4_msgs', 'ld_library_path_lib')
[13.548s] INFO:colcon.colcon_core.shell:Creating environment hook '/workspaces/dev_env/src/drone_workspace/install/px4_msgs/share/px4_msgs/hook/ld_library_path_lib.ps1'
[13.548s] INFO:colcon.colcon_core.shell:Creating environment descriptor '/workspaces/dev_env/src/drone_workspace/install/px4_msgs/share/px4_msgs/hook/ld_library_path_lib.dsv'
[13.549s] INFO:colcon.colcon_core.shell:Creating environment hook '/workspaces/dev_env/src/drone_workspace/install/px4_msgs/share/px4_msgs/hook/ld_library_path_lib.sh'
[13.550s] Level 1:colcon.colcon_core.environment:checking '/workspaces/dev_env/src/drone_workspace/install/px4_msgs/bin'
[13.550s] Level 1:colcon.colcon_core.environment:checking '/workspaces/dev_env/src/drone_workspace/install/px4_msgs/lib/pkgconfig/px4_msgs.pc'
[13.550s] Level 1:colcon.colcon_core.environment:checking '/workspaces/dev_env/src/drone_workspace/install/px4_msgs/lib/python3.10/site-packages'
[13.551s] Level 1:colcon.colcon_core.environment:checking '/workspaces/dev_env/src/drone_workspace/install/px4_msgs/bin'
[13.566s] INFO:colcon.colcon_core.shell:Creating package script '/workspaces/dev_env/src/drone_workspace/install/px4_msgs/share/px4_msgs/package.ps1'
[13.567s] INFO:colcon.colcon_core.shell:Creating package descriptor '/workspaces/dev_env/src/drone_workspace/install/px4_msgs/share/px4_msgs/package.dsv'
[13.567s] INFO:colcon.colcon_core.shell:Creating package script '/workspaces/dev_env/src/drone_workspace/install/px4_msgs/share/px4_msgs/package.sh'
[13.568s] INFO:colcon.colcon_core.shell:Creating package script '/workspaces/dev_env/src/drone_workspace/install/px4_msgs/share/px4_msgs/package.bash'
[13.568s] INFO:colcon.colcon_core.shell:Creating package script '/workspaces/dev_env/src/drone_workspace/install/px4_msgs/share/px4_msgs/package.zsh'
[13.569s] Level 1:colcon.colcon_core.environment:create_file_with_runtime_dependencies(/workspaces/dev_env/src/drone_workspace/install/px4_msgs/share/colcon-core/packages/px4_msgs)
[13.569s] DEBUG:colcon.colcon_parallel_executor.executor.parallel:closing loop
[13.569s] DEBUG:colcon.colcon_parallel_executor.executor.parallel:loop closed
[13.570s] DEBUG:colcon.colcon_parallel_executor.executor.parallel:run_until_complete finished with '0'
[13.571s] DEBUG:colcon.colcon_core.event_reactor:joining thread
[13.599s] INFO:colcon.colcon_core.plugin_system:Skipping extension 'colcon_notification.desktop_notification.notify_send': Could not find 'notify-send'
[13.599s] INFO:colcon.colcon_core.plugin_system:Skipping extension 'colcon_notification.desktop_notification.terminal_notifier': Not used on non-Darwin systems
[13.599s] INFO:colcon.colcon_core.plugin_system:Skipping extension 'colcon_notification.desktop_notification.win32': Not used on non-Windows systems
[13.599s] INFO:colcon.colcon_notification.desktop_notification:Sending desktop notification using 'notify2'
[13.603s] DEBUG:colcon.colcon_notification.desktop_notification.notify2:Failed to initialize notify2: org.freedesktop.DBus.Error.Spawn.ExecFailed: /usr/bin/dbus-launch terminated abnormally without any error message
[13.603s] DEBUG:colcon.colcon_core.event_reactor:joined thread
[13.627s] INFO:colcon.colcon_core.shell:Creating prefix script '/workspaces/dev_env/src/drone_workspace/install/local_setup.ps1'
[13.628s] INFO:colcon.colcon_core.shell:Creating prefix util module '/workspaces/dev_env/src/drone_workspace/install/_local_setup_util_ps1.py'
[13.630s] INFO:colcon.colcon_core.shell:Creating prefix chain script '/workspaces/dev_env/src/drone_workspace/install/setup.ps1'
[13.645s] INFO:colcon.colcon_core.shell:Creating prefix script '/workspaces/dev_env/src/drone_workspace/install/local_setup.sh'
[13.646s] INFO:colcon.colcon_core.shell:Creating prefix util module '/workspaces/dev_env/src/drone_workspace/install/_local_setup_util_sh.py'
[13.646s] INFO:colcon.colcon_core.shell:Creating prefix chain script '/workspaces/dev_env/src/drone_workspace/install/setup.sh'
[13.662s] INFO:colcon.colcon_core.shell:Creating prefix script '/workspaces/dev_env/src/drone_workspace/install/local_setup.bash'
[13.663s] INFO:colcon.colcon_core.shell:Creating prefix chain script '/workspaces/dev_env/src/drone_workspace/install/setup.bash'
[13.678s] INFO:colcon.colcon_core.shell:Creating prefix script '/workspaces/dev_env/src/drone_workspace/install/local_setup.zsh'
[13.678s] INFO:colcon.colcon_core.shell:Creating prefix chain script '/workspaces/dev_env/src/drone_workspace/install/setup.zsh'
