running develop
/usr/local/lib/python3.10/dist-packages/setuptools/command/develop.py:40: EasyInstallDeprecationWarning: easy_install command is deprecated.
!!

        ********************************************************************************
        Please avoid running ``setup.py`` and ``easy_install``.
        Instead, use pypa/build, pypa/installer or other
        standards-based tools.

        See https://github.com/pypa/setuptools/issues/917 for details.
        ********************************************************************************

!!
  easy_install.initialize_options(self)
/usr/local/lib/python3.10/dist-packages/setuptools/_distutils/cmd.py:66: SetuptoolsDeprecationWarning: setup.py install is deprecated.
!!

        ********************************************************************************
        Please avoid running ``setup.py`` directly.
        Instead, use pypa/build, pypa/installer or other
        standards-based tools.

        See https://blog.ganssle.io/articles/2021/10/setup-py-deprecated.html for details.
        ********************************************************************************

!!
  self.initialize_options()
running egg_info
writing my_drone_ctrl.egg-info/PKG-INFO
writing dependency_links to my_drone_ctrl.egg-info/dependency_links.txt
writing entry points to my_drone_ctrl.egg-info/entry_points.txt
writing requirements to my_drone_ctrl.egg-info/requires.txt
writing top-level names to my_drone_ctrl.egg-info/top_level.txt
reading manifest file 'my_drone_ctrl.egg-info/SOURCES.txt'
writing manifest file 'my_drone_ctrl.egg-info/SOURCES.txt'
running build_ext
Creating /workspaces/dev_env/src/drone_workspace/install/my_drone_ctrl/lib/python3.10/site-packages/my-drone-ctrl.egg-link (link to .)
Installing GPSNode script to /workspaces/dev_env/src/drone_workspace/install/my_drone_ctrl/lib/my_drone_ctrl

Installed /workspaces/dev_env/src/drone_workspace/build/my_drone_ctrl
running install_data
