[1.275s] Invoking command in '/workspaces/dev_env/src/drone_workspace/build/my_drone_ctrl': PYTHONPATH=/workspaces/dev_env/src/drone_workspace/build/my_drone_ctrl/prefix_override:/workspaces/dev_env/src/drone_workspace/install/my_drone_ctrl/lib/python3.10/site-packages:${PYTHONPATH} /usr/bin/python3 setup.py develop --editable --build-directory /workspaces/dev_env/src/drone_workspace/build/my_drone_ctrl/build --no-deps install_data
[1.671s] running develop
[1.672s] /usr/local/lib/python3.10/dist-packages/setuptools/command/develop.py:40: EasyInstallDeprecationWarning: easy_install command is deprecated.
[1.672s] !!
[1.672s] 
[1.672s]         ********************************************************************************
[1.672s]         Please avoid running ``setup.py`` and ``easy_install``.
[1.672s]         Instead, use pypa/build, pypa/installer or other
[1.672s]         standards-based tools.
[1.672s] 
[1.672s]         See https://github.com/pypa/setuptools/issues/917 for details.
[1.672s]         ********************************************************************************
[1.672s] 
[1.672s] !!
[1.672s]   easy_install.initialize_options(self)
[1.707s] /usr/local/lib/python3.10/dist-packages/setuptools/_distutils/cmd.py:66: SetuptoolsDeprecationWarning: setup.py install is deprecated.
[1.707s] !!
[1.707s] 
[1.707s]         ********************************************************************************
[1.707s]         Please avoid running ``setup.py`` directly.
[1.707s]         Instead, use pypa/build, pypa/installer or other
[1.707s]         standards-based tools.
[1.707s] 
[1.708s]         See https://blog.ganssle.io/articles/2021/10/setup-py-deprecated.html for details.
[1.708s]         ********************************************************************************
[1.708s] 
[1.708s] !!
[1.708s]   self.initialize_options()
[1.895s] running egg_info
[1.909s] writing my_drone_ctrl.egg-info/PKG-INFO
[1.910s] writing dependency_links to my_drone_ctrl.egg-info/dependency_links.txt
[1.910s] writing entry points to my_drone_ctrl.egg-info/entry_points.txt
[1.910s] writing requirements to my_drone_ctrl.egg-info/requires.txt
[1.910s] writing top-level names to my_drone_ctrl.egg-info/top_level.txt
[1.941s] reading manifest file 'my_drone_ctrl.egg-info/SOURCES.txt'
[1.942s] writing manifest file 'my_drone_ctrl.egg-info/SOURCES.txt'
[1.960s] running build_ext
[1.960s] Creating /workspaces/dev_env/src/drone_workspace/install/my_drone_ctrl/lib/python3.10/site-packages/my-drone-ctrl.egg-link (link to .)
[1.961s] Installing GPSNode script to /workspaces/dev_env/src/drone_workspace/install/my_drone_ctrl/lib/my_drone_ctrl
[1.963s] 
[1.963s] Installed /workspaces/dev_env/src/drone_workspace/build/my_drone_ctrl
[1.963s] running install_data
[2.017s] Invoked command in '/workspaces/dev_env/src/drone_workspace/build/my_drone_ctrl' returned '0': PYTHONPATH=/workspaces/dev_env/src/drone_workspace/build/my_drone_ctrl/prefix_override:/workspaces/dev_env/src/drone_workspace/install/my_drone_ctrl/lib/python3.10/site-packages:${PYTHONPATH} /usr/bin/python3 setup.py develop --editable --build-directory /workspaces/dev_env/src/drone_workspace/build/my_drone_ctrl/build --no-deps install_data
