[0.104s] Invoking command in '/workspaces/dev_env/src/drone_workspace/build/px4_msgs': CMAKE_PREFIX_PATH=${CMAKE_PREFIX_PATH}:/workspaces/dev_env/src/drone_workspace/install/my_drone_ctrl:/opt/ros/humble /usr/bin/cmake --build /workspaces/dev_env/src/drone_workspace/build/px4_msgs -- -j20 -l20
[0.611s] [  0%] Built target px4_msgs__cpp
[0.654s] [ 12%] Built target px4_msgs__rosidl_generator_c
[0.672s] [ 12%] Built target ament_cmake_python_copy_px4_msgs
[0.735s] [ 25%] Built target px4_msgs__rosidl_typesupport_c
[0.737s] [ 37%] Built target px4_msgs__rosidl_typesupport_cpp
[0.752s] [ 50%] Built target px4_msgs__rosidl_typesupport_introspection_c
[0.758s] [ 63%] Built target px4_msgs__rosidl_typesupport_introspection_cpp
[0.765s] [ 75%] Built target px4_msgs__rosidl_typesupport_fastrtps_cpp
[0.794s] [ 88%] Built target px4_msgs__rosidl_typesupport_fastrtps_c
[0.819s] [ 88%] Built target px4_msgs
[0.855s] [ 88%] Built target px4_msgs__py
[0.935s] running egg_info
[0.953s] writing px4_msgs.egg-info/PKG-INFO
[0.954s] [100%] Built target px4_msgs__rosidl_generator_py
[0.954s] writing dependency_links to px4_msgs.egg-info/dependency_links.txt
[0.954s] writing top-level names to px4_msgs.egg-info/top_level.txt
[0.987s] [100%] Built target px4_msgs__rosidl_typesupport_c__pyext
[0.988s] [100%] Built target px4_msgs__rosidl_typesupport_introspection_c__pyext
[0.996s] [100%] Built target px4_msgs__rosidl_typesupport_fastrtps_c__pyext
[1.026s] reading manifest file 'px4_msgs.egg-info/SOURCES.txt'
[1.034s] writing manifest file 'px4_msgs.egg-info/SOURCES.txt'
[1.071s] [100%] Built target ament_cmake_python_build_px4_msgs_egg
